#
# There is insufficient memory for the Java Runtime Environment to continue.
# Native memory allocation (malloc) failed to allocate 1079056 bytes for Chunk::new
# Possible reasons:
#   The system is out of physical RAM or swap space
#   The process is running with CompressedOops enabled, and the Java Heap may be blocking the growth of the native heap
# Possible solutions:
#   Reduce memory load on the system
#   Increase physical memory or swap space
#   Check if swap backing store is full
#   Decrease Java heap size (-Xmx/-Xms)
#   Decrease number of Java threads
#   Decrease Java thread stack sizes (-Xss)
#   Set larger code cache with -XX:ReservedCodeCacheSize=
#   JVM is running with Unscaled Compressed Oops mode in which the Java heap is
#     placed in the first 4GB address space. The Java Heap base address is the
#     maximum limit for the native heap growth. Please use -XX:HeapBaseMinAddress
#     to set the Java Heap base and to place the Java Heap above 4GB virtual address.
# This output file may be truncated or incomplete.
#
#  Out of Memory Error (arena.cpp:184), pid=16868, tid=5024
#
# JRE version: Java(TM) SE Runtime Environment (18.0+36) (build 18+36-2087)
# Java VM: Java HotSpot(TM) 64-Bit Server VM (18+36-2087, mixed mode, sharing, tiered, compressed oops, compressed class ptrs, g1 gc, windows-amd64)
# No core dump will be written. Minidumps are not enabled by default on client versions of Windows
#

---------------  S U M M A R Y ------------

Command Line: --add-opens=java.base/java.util=ALL-UNNAMED --add-opens=java.base/java.lang=ALL-UNNAMED --add-opens=java.base/java.lang.invoke=ALL-UNNAMED --add-opens=java.base/java.util=ALL-UNNAMED --add-opens=java.prefs/java.util.prefs=ALL-UNNAMED --add-opens=java.prefs/java.util.prefs=ALL-UNNAMED --add-opens=java.base/java.nio.charset=ALL-UNNAMED --add-opens=java.base/java.net=ALL-UNNAMED --add-opens=java.base/java.util.concurrent.atomic=ALL-UNNAMED -Xmx1536M -Dfile.encoding=UTF-8 -Duser.country=US -Duser.language=en -Duser.variant org.gradle.launcher.daemon.bootstrap.GradleDaemon 7.4

Host: Intel(R) Core(TM) i5-8250U CPU @ 1.60GHz, 8 cores, 7G,  Windows 10 , 64 bit Build 19041 (10.0.19041.2364)
Time: Sat Jan 21 02:03:15 2023 West Asia Standard Time elapsed time: 4.899662 seconds (0d 0h 0m 4s)

---------------  T H R E A D  ---------------

Current thread (0x000002b83073a060):  JavaThread "C2 CompilerThread0" daemon [_thread_in_native, id=5024, stack(0x000000de99e00000,0x000000de99f00000)]


Current CompileTask:
C2:   4899 2013       4       java.lang.invoke.MethodType::makeImpl (109 bytes)

Stack: [0x000000de99e00000,0x000000de99f00000]
Native frames: (J=compiled Java code, j=interpreted, Vv=VM code, C=native code)
V  [jvm.dll+0x69804a]
V  [jvm.dll+0x7f308d]
V  [jvm.dll+0x7f499e]
V  [jvm.dll+0x7f5053]
V  [jvm.dll+0x25ca3f]
V  [jvm.dll+0xb8c2f]
V  [jvm.dll+0xb8fa5]
V  [jvm.dll+0x385a31]
V  [jvm.dll+0x34f811]
V  [jvm.dll+0x34ecaa]
V  [jvm.dll+0x22fc21]
V  [jvm.dll+0x22eff1]
V  [jvm.dll+0x1b9cfc]
V  [jvm.dll+0x23e8ca]
V  [jvm.dll+0x23cbac]
V  [jvm.dll+0x7a5781]
V  [jvm.dll+0x79fbba]
V  [jvm.dll+0x696ef5]
C  [ucrtbase.dll+0x21bb2]
C  [KERNEL32.DLL+0x17614]
C  [ntdll.dll+0x526a1]


---------------  P R O C E S S  ---------------

Threads class SMR info:
_java_thread_list=0x000002b83632b660, length=22, elements={
0x000002b811858920, 0x000002b8307152a0, 0x000002b830715c90, 0x000002b83072b7c0,
0x000002b83072c070, 0x000002b83072e930, 0x000002b830731330, 0x000002b83073a060,
0x000002b83073abd0, 0x000002b83074fae0, 0x000002b8349a1800, 0x000002b8349a40e0,
0x000002b83538fa20, 0x000002b835c73a70, 0x000002b835be9e80, 0x000002b835bea8e0,
0x000002b835a9c090, 0x000002b835ed2d50, 0x000002b835446780, 0x000002b835444aa0,
0x000002b835444f70, 0x000002b835445440
}

Java Threads: ( => current thread )
  0x000002b811858920 JavaThread "main" [_thread_blocked, id=15568, stack(0x000000de99100000,0x000000de99200000)]
  0x000002b8307152a0 JavaThread "Reference Handler" daemon [_thread_blocked, id=3688, stack(0x000000de99800000,0x000000de99900000)]
  0x000002b830715c90 JavaThread "Finalizer" daemon [_thread_blocked, id=17520, stack(0x000000de99900000,0x000000de99a00000)]
  0x000002b83072b7c0 JavaThread "Signal Dispatcher" daemon [_thread_blocked, id=14984, stack(0x000000de99a00000,0x000000de99b00000)]
  0x000002b83072c070 JavaThread "Attach Listener" daemon [_thread_blocked, id=5800, stack(0x000000de99b00000,0x000000de99c00000)]
  0x000002b83072e930 JavaThread "Service Thread" daemon [_thread_blocked, id=17356, stack(0x000000de99c00000,0x000000de99d00000)]
  0x000002b830731330 JavaThread "Monitor Deflation Thread" daemon [_thread_blocked, id=13368, stack(0x000000de99d00000,0x000000de99e00000)]
=>0x000002b83073a060 JavaThread "C2 CompilerThread0" daemon [_thread_in_native, id=5024, stack(0x000000de99e00000,0x000000de99f00000)]
  0x000002b83073abd0 JavaThread "C1 CompilerThread0" daemon [_thread_blocked, id=6508, stack(0x000000de99f00000,0x000000de9a000000)]
  0x000002b83074fae0 JavaThread "Sweeper thread" daemon [_thread_blocked, id=13400, stack(0x000000de9a000000,0x000000de9a100000)]
  0x000002b8349a1800 JavaThread "Common-Cleaner" daemon [_thread_blocked, id=1644, stack(0x000000de9a100000,0x000000de9a200000)]
  0x000002b8349a40e0 JavaThread "Notification Thread" daemon [_thread_blocked, id=13052, stack(0x000000de9a200000,0x000000de9a300000)]
  0x000002b83538fa20 JavaThread "Daemon health stats" [_thread_blocked, id=2396, stack(0x000000de9a800000,0x000000de9a900000)]
  0x000002b835c73a70 JavaThread "Incoming local TCP Connector on port 10935" [_thread_in_native, id=17732, stack(0x000000de9a900000,0x000000de9aa00000)]
  0x000002b835be9e80 JavaThread "Daemon periodic checks" [_thread_blocked, id=7952, stack(0x000000de9aa00000,0x000000de9ab00000)]
  0x000002b835bea8e0 JavaThread "Daemon" [_thread_blocked, id=15824, stack(0x000000de9ab00000,0x000000de9ac00000)]
  0x000002b835a9c090 JavaThread "Handler for socket connection from /127.0.0.1:10935 to /127.0.0.1:10936" [_thread_in_native, id=960, stack(0x000000de9ac00000,0x000000de9ad00000)]
  0x000002b835ed2d50 JavaThread "Cancel handler" [_thread_blocked, id=6940, stack(0x000000de9ad00000,0x000000de9ae00000)]
  0x000002b835446780 JavaThread "Daemon worker" [_thread_in_vm, id=16292, stack(0x000000de9ae00000,0x000000de9af00000)]
  0x000002b835444aa0 JavaThread "Asynchronous log dispatcher for DefaultDaemonConnection: socket connection from /127.0.0.1:10935 to /127.0.0.1:10936" [_thread_blocked, id=9556, stack(0x000000de9af00000,0x000000de9b000000)]
  0x000002b835444f70 JavaThread "Stdin handler" [_thread_blocked, id=8884, stack(0x000000de9b000000,0x000000de9b100000)]
  0x000002b835445440 JavaThread "Daemon client event forwarder" [_thread_blocked, id=3540, stack(0x000000de9b100000,0x000000de9b200000)]

Other Threads:
  0x000002b83070b8a0 VMThread "VM Thread" [stack: 0x000000de99700000,0x000000de99800000] [id=18076]
  0x000002b8349a45a0 WatcherThread "VM Periodic Task Thread" [stack: 0x000000de9a300000,0x000000de9a400000] [id=6880]
  0x000002b8118a8d10 WorkerThread "GC Thread#0" [stack: 0x000000de99200000,0x000000de99300000] [id=17236]
  0x000002b8353391a0 WorkerThread "GC Thread#1" [stack: 0x000000de9a400000,0x000000de9a500000] [id=5340]
  0x000002b8352f6720 WorkerThread "GC Thread#2" [stack: 0x000000de9a500000,0x000000de9a600000] [id=12164]
  0x000002b83535b3e0 WorkerThread "GC Thread#3" [stack: 0x000000de9a600000,0x000000de9a700000] [id=10984]
  0x000002b835eb1c60 WorkerThread "GC Thread#4" [stack: 0x000000de9a700000,0x000000de9a800000] [id=17532]
  0x000002b8118b59f0 ConcurrentGCThread "G1 Main Marker" [stack: 0x000000de99300000,0x000000de99400000] [id=16348]
  0x000002b8118b6930 WorkerThread "G1 Conc#0" [stack: 0x000000de99400000,0x000000de99500000] [id=13868]
  0x000002b811909f00 ConcurrentGCThread "G1 Refine#0" [stack: 0x000000de99500000,0x000000de99600000] [id=18396]
  0x000002b81190a5c0 ConcurrentGCThread "G1 Service" [stack: 0x000000de99600000,0x000000de99700000] [id=12216]

Threads with active compile tasks:
C2 CompilerThread0     4950 2013       4       java.lang.invoke.MethodType::makeImpl (109 bytes)

VM state: not at safepoint (normal execution)

VM Mutex/Monitor currently owned by a thread: None

Heap address: 0x00000000a0000000, size: 1536 MB, Compressed Oops mode: 32-bit

CDS archive(s) mapped at: [0x0000000800000000-0x0000000800ba0000-0x0000000800ba0000), size 12189696, SharedBaseAddress: 0x0000000800000000, ArchiveRelocationMode: 0.
Compressed class space mapped at: 0x0000000800c00000-0x0000000840c00000, reserved size: 1073741824
Narrow klass base: 0x0000000800000000, Narrow klass shift: 0, Narrow klass range: 0x100000000

GC Precious Log:
 CardTable entry size: 512
 Card Set container configuration: InlinePtr #cards 5 size 8 Array Of Cards #cards 12 size 40 Howl #buckets 4 coarsen threshold 1843 Howl Bitmap #cards 512 size 80 coarsen threshold 460 Card regions per heap region 1 cards per card region 2048
 CPUs: 8 total, 8 available
 Memory: 8073M
 Large Page Support: Disabled
 NUMA Support: Disabled
 Compressed Oops: Enabled (32-bit)
 Heap Region Size: 1M
 Heap Min Capacity: 8M
 Heap Initial Capacity: 128M
 Heap Max Capacity: 1536M
 Pre-touch: Disabled
 Parallel Workers: 8
 Concurrent Workers: 2
 Concurrent Refinement Workers: 8
 Periodic GC: Disabled

Heap:
 garbage-first heap   total 131072K, used 48063K [0x00000000a0000000, 0x0000000100000000)
  region size 1024K, 39 young (39936K), 4 survivors (4096K)
 Metaspace       used 11610K, committed 11968K, reserved 1114112K
  class space    used 1624K, committed 1792K, reserved 1048576K

Heap Regions: E=young(eden), S=young(survivor), O=old, HS=humongous(starts), HC=humongous(continues), CS=collection set, F=free, OA=open archive, CA=closed archive, TAMS=top-at-mark-start (previous, next)
|   0|0x00000000a0000000, 0x00000000a0000000, 0x00000000a0100000|  0%| F|  |TAMS 0x00000000a0000000, 0x00000000a0000000| Untracked 
|   1|0x00000000a0100000, 0x00000000a0200000, 0x00000000a0200000|100%| O|  |TAMS 0x00000000a0100000, 0x00000000a0100000| Untracked 
|   2|0x00000000a0200000, 0x00000000a02efe00, 0x00000000a0300000| 93%| O|  |TAMS 0x00000000a0200000, 0x00000000a0200000| Untracked 
|   3|0x00000000a0300000, 0x00000000a0400000, 0x00000000a0400000|100%|HS|  |TAMS 0x00000000a0300000, 0x00000000a0300000| Complete 
|   4|0x00000000a0400000, 0x00000000a0500000, 0x00000000a0500000|100%|HC|  |TAMS 0x00000000a0400000, 0x00000000a0400000| Complete 
|   5|0x00000000a0500000, 0x00000000a0600000, 0x00000000a0600000|100%|HC|  |TAMS 0x00000000a0500000, 0x00000000a0500000| Complete 
|   6|0x00000000a0600000, 0x00000000a0700000, 0x00000000a0700000|100%| O|  |TAMS 0x00000000a0600000, 0x00000000a0600000| Untracked 
|   7|0x00000000a0700000, 0x00000000a0800000, 0x00000000a0800000|100%| O|  |TAMS 0x00000000a0700000, 0x00000000a0700000| Untracked 
|   8|0x00000000a0800000, 0x00000000a0900000, 0x00000000a0900000|100%| O|  |TAMS 0x00000000a0800000, 0x00000000a0800000| Untracked 
|   9|0x00000000a0900000, 0x00000000a0a00000, 0x00000000a0a00000|100%| O|  |TAMS 0x00000000a0900000, 0x00000000a0900000| Untracked 
|  10|0x00000000a0a00000, 0x00000000a0a00000, 0x00000000a0b00000|  0%| F|  |TAMS 0x00000000a0a00000, 0x00000000a0a00000| Untracked 
|  11|0x00000000a0b00000, 0x00000000a0b00000, 0x00000000a0c00000|  0%| F|  |TAMS 0x00000000a0b00000, 0x00000000a0b00000| Untracked 
|  12|0x00000000a0c00000, 0x00000000a0c00000, 0x00000000a0d00000|  0%| F|  |TAMS 0x00000000a0c00000, 0x00000000a0c00000| Untracked 
|  13|0x00000000a0d00000, 0x00000000a0d00000, 0x00000000a0e00000|  0%| F|  |TAMS 0x00000000a0d00000, 0x00000000a0d00000| Untracked 
|  14|0x00000000a0e00000, 0x00000000a0e00000, 0x00000000a0f00000|  0%| F|  |TAMS 0x00000000a0e00000, 0x00000000a0e00000| Untracked 
|  15|0x00000000a0f00000, 0x00000000a0f00000, 0x00000000a1000000|  0%| F|  |TAMS 0x00000000a0f00000, 0x00000000a0f00000| Untracked 
|  16|0x00000000a1000000, 0x00000000a1000000, 0x00000000a1100000|  0%| F|  |TAMS 0x00000000a1000000, 0x00000000a1000000| Untracked 
|  17|0x00000000a1100000, 0x00000000a1100000, 0x00000000a1200000|  0%| F|  |TAMS 0x00000000a1100000, 0x00000000a1100000| Untracked 
|  18|0x00000000a1200000, 0x00000000a1200000, 0x00000000a1300000|  0%| F|  |TAMS 0x00000000a1200000, 0x00000000a1200000| Untracked 
|  19|0x00000000a1300000, 0x00000000a1300000, 0x00000000a1400000|  0%| F|  |TAMS 0x00000000a1300000, 0x00000000a1300000| Untracked 
|  20|0x00000000a1400000, 0x00000000a1400000, 0x00000000a1500000|  0%| F|  |TAMS 0x00000000a1400000, 0x00000000a1400000| Untracked 
|  21|0x00000000a1500000, 0x00000000a1500000, 0x00000000a1600000|  0%| F|  |TAMS 0x00000000a1500000, 0x00000000a1500000| Untracked 
|  22|0x00000000a1600000, 0x00000000a1600000, 0x00000000a1700000|  0%| F|  |TAMS 0x00000000a1600000, 0x00000000a1600000| Untracked 
|  23|0x00000000a1700000, 0x00000000a1700000, 0x00000000a1800000|  0%| F|  |TAMS 0x00000000a1700000, 0x00000000a1700000| Untracked 
|  24|0x00000000a1800000, 0x00000000a1800000, 0x00000000a1900000|  0%| F|  |TAMS 0x00000000a1800000, 0x00000000a1800000| Untracked 
|  25|0x00000000a1900000, 0x00000000a1900000, 0x00000000a1a00000|  0%| F|  |TAMS 0x00000000a1900000, 0x00000000a1900000| Untracked 
|  26|0x00000000a1a00000, 0x00000000a1a00000, 0x00000000a1b00000|  0%| F|  |TAMS 0x00000000a1a00000, 0x00000000a1a00000| Untracked 
|  27|0x00000000a1b00000, 0x00000000a1b00000, 0x00000000a1c00000|  0%| F|  |TAMS 0x00000000a1b00000, 0x00000000a1b00000| Untracked 
|  28|0x00000000a1c00000, 0x00000000a1c00000, 0x00000000a1d00000|  0%| F|  |TAMS 0x00000000a1c00000, 0x00000000a1c00000| Untracked 
|  29|0x00000000a1d00000, 0x00000000a1d00000, 0x00000000a1e00000|  0%| F|  |TAMS 0x00000000a1d00000, 0x00000000a1d00000| Untracked 
|  30|0x00000000a1e00000, 0x00000000a1e00000, 0x00000000a1f00000|  0%| F|  |TAMS 0x00000000a1e00000, 0x00000000a1e00000| Untracked 
|  31|0x00000000a1f00000, 0x00000000a1f00000, 0x00000000a2000000|  0%| F|  |TAMS 0x00000000a1f00000, 0x00000000a1f00000| Untracked 
|  32|0x00000000a2000000, 0x00000000a2000000, 0x00000000a2100000|  0%| F|  |TAMS 0x00000000a2000000, 0x00000000a2000000| Untracked 
|  33|0x00000000a2100000, 0x00000000a2100000, 0x00000000a2200000|  0%| F|  |TAMS 0x00000000a2100000, 0x00000000a2100000| Untracked 
|  34|0x00000000a2200000, 0x00000000a2200000, 0x00000000a2300000|  0%| F|  |TAMS 0x00000000a2200000, 0x00000000a2200000| Untracked 
|  35|0x00000000a2300000, 0x00000000a2300000, 0x00000000a2400000|  0%| F|  |TAMS 0x00000000a2300000, 0x00000000a2300000| Untracked 
|  36|0x00000000a2400000, 0x00000000a2400000, 0x00000000a2500000|  0%| F|  |TAMS 0x00000000a2400000, 0x00000000a2400000| Untracked 
|  37|0x00000000a2500000, 0x00000000a2500000, 0x00000000a2600000|  0%| F|  |TAMS 0x00000000a2500000, 0x00000000a2500000| Untracked 
|  38|0x00000000a2600000, 0x00000000a2600000, 0x00000000a2700000|  0%| F|  |TAMS 0x00000000a2600000, 0x00000000a2600000| Untracked 
|  39|0x00000000a2700000, 0x00000000a2700000, 0x00000000a2800000|  0%| F|  |TAMS 0x00000000a2700000, 0x00000000a2700000| Untracked 
|  40|0x00000000a2800000, 0x00000000a2800000, 0x00000000a2900000|  0%| F|  |TAMS 0x00000000a2800000, 0x00000000a2800000| Untracked 
|  41|0x00000000a2900000, 0x00000000a2900000, 0x00000000a2a00000|  0%| F|  |TAMS 0x00000000a2900000, 0x00000000a2900000| Untracked 
|  42|0x00000000a2a00000, 0x00000000a2a00000, 0x00000000a2b00000|  0%| F|  |TAMS 0x00000000a2a00000, 0x00000000a2a00000| Untracked 
|  43|0x00000000a2b00000, 0x00000000a2b00000, 0x00000000a2c00000|  0%| F|  |TAMS 0x00000000a2b00000, 0x00000000a2b00000| Untracked 
|  44|0x00000000a2c00000, 0x00000000a2c00000, 0x00000000a2d00000|  0%| F|  |TAMS 0x00000000a2c00000, 0x00000000a2c00000| Untracked 
|  45|0x00000000a2d00000, 0x00000000a2d00000, 0x00000000a2e00000|  0%| F|  |TAMS 0x00000000a2d00000, 0x00000000a2d00000| Untracked 
|  46|0x00000000a2e00000, 0x00000000a2e00000, 0x00000000a2f00000|  0%| F|  |TAMS 0x00000000a2e00000, 0x00000000a2e00000| Untracked 
|  47|0x00000000a2f00000, 0x00000000a2f00000, 0x00000000a3000000|  0%| F|  |TAMS 0x00000000a2f00000, 0x00000000a2f00000| Untracked 
|  48|0x00000000a3000000, 0x00000000a3000000, 0x00000000a3100000|  0%| F|  |TAMS 0x00000000a3000000, 0x00000000a3000000| Untracked 
|  49|0x00000000a3100000, 0x00000000a3100000, 0x00000000a3200000|  0%| F|  |TAMS 0x00000000a3100000, 0x00000000a3100000| Untracked 
|  50|0x00000000a3200000, 0x00000000a3200000, 0x00000000a3300000|  0%| F|  |TAMS 0x00000000a3200000, 0x00000000a3200000| Untracked 
|  51|0x00000000a3300000, 0x00000000a3300000, 0x00000000a3400000|  0%| F|  |TAMS 0x00000000a3300000, 0x00000000a3300000| Untracked 
|  52|0x00000000a3400000, 0x00000000a3400000, 0x00000000a3500000|  0%| F|  |TAMS 0x00000000a3400000, 0x00000000a3400000| Untracked 
|  53|0x00000000a3500000, 0x00000000a3500000, 0x00000000a3600000|  0%| F|  |TAMS 0x00000000a3500000, 0x00000000a3500000| Untracked 
|  54|0x00000000a3600000, 0x00000000a3600000, 0x00000000a3700000|  0%| F|  |TAMS 0x00000000a3600000, 0x00000000a3600000| Untracked 
|  55|0x00000000a3700000, 0x00000000a3700000, 0x00000000a3800000|  0%| F|  |TAMS 0x00000000a3700000, 0x00000000a3700000| Untracked 
|  56|0x00000000a3800000, 0x00000000a3800000, 0x00000000a3900000|  0%| F|  |TAMS 0x00000000a3800000, 0x00000000a3800000| Untracked 
|  57|0x00000000a3900000, 0x00000000a3900000, 0x00000000a3a00000|  0%| F|  |TAMS 0x00000000a3900000, 0x00000000a3900000| Untracked 
|  58|0x00000000a3a00000, 0x00000000a3a00000, 0x00000000a3b00000|  0%| F|  |TAMS 0x00000000a3a00000, 0x00000000a3a00000| Untracked 
|  59|0x00000000a3b00000, 0x00000000a3b00000, 0x00000000a3c00000|  0%| F|  |TAMS 0x00000000a3b00000, 0x00000000a3b00000| Untracked 
|  60|0x00000000a3c00000, 0x00000000a3c00000, 0x00000000a3d00000|  0%| F|  |TAMS 0x00000000a3c00000, 0x00000000a3c00000| Untracked 
|  61|0x00000000a3d00000, 0x00000000a3d00000, 0x00000000a3e00000|  0%| F|  |TAMS 0x00000000a3d00000, 0x00000000a3d00000| Untracked 
|  62|0x00000000a3e00000, 0x00000000a3e00000, 0x00000000a3f00000|  0%| F|  |TAMS 0x00000000a3e00000, 0x00000000a3e00000| Untracked 
|  63|0x00000000a3f00000, 0x00000000a3f00000, 0x00000000a4000000|  0%| F|  |TAMS 0x00000000a3f00000, 0x00000000a3f00000| Untracked 
|  64|0x00000000a4000000, 0x00000000a4000000, 0x00000000a4100000|  0%| F|  |TAMS 0x00000000a4000000, 0x00000000a4000000| Untracked 
|  65|0x00000000a4100000, 0x00000000a4100000, 0x00000000a4200000|  0%| F|  |TAMS 0x00000000a4100000, 0x00000000a4100000| Untracked 
|  66|0x00000000a4200000, 0x00000000a4200000, 0x00000000a4300000|  0%| F|  |TAMS 0x00000000a4200000, 0x00000000a4200000| Untracked 
|  67|0x00000000a4300000, 0x00000000a4300000, 0x00000000a4400000|  0%| F|  |TAMS 0x00000000a4300000, 0x00000000a4300000| Untracked 
|  68|0x00000000a4400000, 0x00000000a4400000, 0x00000000a4500000|  0%| F|  |TAMS 0x00000000a4400000, 0x00000000a4400000| Untracked 
|  69|0x00000000a4500000, 0x00000000a4500000, 0x00000000a4600000|  0%| F|  |TAMS 0x00000000a4500000, 0x00000000a4500000| Untracked 
|  70|0x00000000a4600000, 0x00000000a4600000, 0x00000000a4700000|  0%| F|  |TAMS 0x00000000a4600000, 0x00000000a4600000| Untracked 
|  71|0x00000000a4700000, 0x00000000a4700000, 0x00000000a4800000|  0%| F|  |TAMS 0x00000000a4700000, 0x00000000a4700000| Untracked 
|  72|0x00000000a4800000, 0x00000000a4800000, 0x00000000a4900000|  0%| F|  |TAMS 0x00000000a4800000, 0x00000000a4800000| Untracked 
|  73|0x00000000a4900000, 0x00000000a4900000, 0x00000000a4a00000|  0%| F|  |TAMS 0x00000000a4900000, 0x00000000a4900000| Untracked 
|  74|0x00000000a4a00000, 0x00000000a4a00000, 0x00000000a4b00000|  0%| F|  |TAMS 0x00000000a4a00000, 0x00000000a4a00000| Untracked 
|  75|0x00000000a4b00000, 0x00000000a4b00000, 0x00000000a4c00000|  0%| F|  |TAMS 0x00000000a4b00000, 0x00000000a4b00000| Untracked 
|  76|0x00000000a4c00000, 0x00000000a4c00000, 0x00000000a4d00000|  0%| F|  |TAMS 0x00000000a4c00000, 0x00000000a4c00000| Untracked 
|  77|0x00000000a4d00000, 0x00000000a4d00000, 0x00000000a4e00000|  0%| F|  |TAMS 0x00000000a4d00000, 0x00000000a4d00000| Untracked 
|  78|0x00000000a4e00000, 0x00000000a4e00000, 0x00000000a4f00000|  0%| F|  |TAMS 0x00000000a4e00000, 0x00000000a4e00000| Untracked 
|  79|0x00000000a4f00000, 0x00000000a4f00000, 0x00000000a5000000|  0%| F|  |TAMS 0x00000000a4f00000, 0x00000000a4f00000| Untracked 
|  80|0x00000000a5000000, 0x00000000a5000000, 0x00000000a5100000|  0%| F|  |TAMS 0x00000000a5000000, 0x00000000a5000000| Untracked 
|  81|0x00000000a5100000, 0x00000000a5100000, 0x00000000a5200000|  0%| F|  |TAMS 0x00000000a5100000, 0x00000000a5100000| Untracked 
|  82|0x00000000a5200000, 0x00000000a5200000, 0x00000000a5300000|  0%| F|  |TAMS 0x00000000a5200000, 0x00000000a5200000| Untracked 
|  83|0x00000000a5300000, 0x00000000a5300000, 0x00000000a5400000|  0%| F|  |TAMS 0x00000000a5300000, 0x00000000a5300000| Untracked 
|  84|0x00000000a5400000, 0x00000000a5400000, 0x00000000a5500000|  0%| F|  |TAMS 0x00000000a5400000, 0x00000000a5400000| Untracked 
|  85|0x00000000a5500000, 0x00000000a5500000, 0x00000000a5600000|  0%| F|  |TAMS 0x00000000a5500000, 0x00000000a5500000| Untracked 
|  86|0x00000000a5600000, 0x00000000a5600000, 0x00000000a5700000|  0%| F|  |TAMS 0x00000000a5600000, 0x00000000a5600000| Untracked 
|  87|0x00000000a5700000, 0x00000000a5700000, 0x00000000a5800000|  0%| F|  |TAMS 0x00000000a5700000, 0x00000000a5700000| Untracked 
|  88|0x00000000a5800000, 0x00000000a5800000, 0x00000000a5900000|  0%| F|  |TAMS 0x00000000a5800000, 0x00000000a5800000| Untracked 
|  89|0x00000000a5900000, 0x00000000a5a00000, 0x00000000a5a00000|100%| E|  |TAMS 0x00000000a5900000, 0x00000000a5900000| Complete 
|  90|0x00000000a5a00000, 0x00000000a5b00000, 0x00000000a5b00000|100%| E|CS|TAMS 0x00000000a5a00000, 0x00000000a5a00000| Complete 
|  91|0x00000000a5b00000, 0x00000000a5c00000, 0x00000000a5c00000|100%| E|CS|TAMS 0x00000000a5b00000, 0x00000000a5b00000| Complete 
|  92|0x00000000a5c00000, 0x00000000a5d00000, 0x00000000a5d00000|100%| S|CS|TAMS 0x00000000a5c00000, 0x00000000a5c00000| Complete 
|  93|0x00000000a5d00000, 0x00000000a5e00000, 0x00000000a5e00000|100%| S|CS|TAMS 0x00000000a5d00000, 0x00000000a5d00000| Complete 
|  94|0x00000000a5e00000, 0x00000000a5f00000, 0x00000000a5f00000|100%| S|CS|TAMS 0x00000000a5e00000, 0x00000000a5e00000| Complete 
|  95|0x00000000a5f00000, 0x00000000a6000000, 0x00000000a6000000|100%| S|CS|TAMS 0x00000000a5f00000, 0x00000000a5f00000| Complete 
|  96|0x00000000a6000000, 0x00000000a6100000, 0x00000000a6100000|100%| E|CS|TAMS 0x00000000a6000000, 0x00000000a6000000| Complete 
|  97|0x00000000a6100000, 0x00000000a6200000, 0x00000000a6200000|100%| E|CS|TAMS 0x00000000a6100000, 0x00000000a6100000| Complete 
|  98|0x00000000a6200000, 0x00000000a6300000, 0x00000000a6300000|100%| E|CS|TAMS 0x00000000a6200000, 0x00000000a6200000| Complete 
|  99|0x00000000a6300000, 0x00000000a6400000, 0x00000000a6400000|100%| E|CS|TAMS 0x00000000a6300000, 0x00000000a6300000| Complete 
| 100|0x00000000a6400000, 0x00000000a6500000, 0x00000000a6500000|100%| E|CS|TAMS 0x00000000a6400000, 0x00000000a6400000| Complete 
| 101|0x00000000a6500000, 0x00000000a6600000, 0x00000000a6600000|100%| E|CS|TAMS 0x00000000a6500000, 0x00000000a6500000| Complete 
| 102|0x00000000a6600000, 0x00000000a6700000, 0x00000000a6700000|100%| E|CS|TAMS 0x00000000a6600000, 0x00000000a6600000| Complete 
| 103|0x00000000a6700000, 0x00000000a6800000, 0x00000000a6800000|100%| E|CS|TAMS 0x00000000a6700000, 0x00000000a6700000| Complete 
| 104|0x00000000a6800000, 0x00000000a6900000, 0x00000000a6900000|100%| E|CS|TAMS 0x00000000a6800000, 0x00000000a6800000| Complete 
| 105|0x00000000a6900000, 0x00000000a6a00000, 0x00000000a6a00000|100%| E|CS|TAMS 0x00000000a6900000, 0x00000000a6900000| Complete 
| 106|0x00000000a6a00000, 0x00000000a6b00000, 0x00000000a6b00000|100%| E|CS|TAMS 0x00000000a6a00000, 0x00000000a6a00000| Complete 
| 107|0x00000000a6b00000, 0x00000000a6c00000, 0x00000000a6c00000|100%| E|CS|TAMS 0x00000000a6b00000, 0x00000000a6b00000| Complete 
| 108|0x00000000a6c00000, 0x00000000a6d00000, 0x00000000a6d00000|100%| E|CS|TAMS 0x00000000a6c00000, 0x00000000a6c00000| Complete 
| 109|0x00000000a6d00000, 0x00000000a6e00000, 0x00000000a6e00000|100%| E|CS|TAMS 0x00000000a6d00000, 0x00000000a6d00000| Complete 
| 110|0x00000000a6e00000, 0x00000000a6f00000, 0x00000000a6f00000|100%| E|CS|TAMS 0x00000000a6e00000, 0x00000000a6e00000| Complete 
| 111|0x00000000a6f00000, 0x00000000a7000000, 0x00000000a7000000|100%| E|CS|TAMS 0x00000000a6f00000, 0x00000000a6f00000| Complete 
| 112|0x00000000a7000000, 0x00000000a7100000, 0x00000000a7100000|100%| E|CS|TAMS 0x00000000a7000000, 0x00000000a7000000| Complete 
| 113|0x00000000a7100000, 0x00000000a7200000, 0x00000000a7200000|100%| E|CS|TAMS 0x00000000a7100000, 0x00000000a7100000| Complete 
| 114|0x00000000a7200000, 0x00000000a7300000, 0x00000000a7300000|100%| E|CS|TAMS 0x00000000a7200000, 0x00000000a7200000| Complete 
| 115|0x00000000a7300000, 0x00000000a7400000, 0x00000000a7400000|100%| E|CS|TAMS 0x00000000a7300000, 0x00000000a7300000| Complete 
| 116|0x00000000a7400000, 0x00000000a7500000, 0x00000000a7500000|100%| E|CS|TAMS 0x00000000a7400000, 0x00000000a7400000| Complete 
| 117|0x00000000a7500000, 0x00000000a7600000, 0x00000000a7600000|100%| E|CS|TAMS 0x00000000a7500000, 0x00000000a7500000| Complete 
| 118|0x00000000a7600000, 0x00000000a7700000, 0x00000000a7700000|100%| E|CS|TAMS 0x00000000a7600000, 0x00000000a7600000| Complete 
| 119|0x00000000a7700000, 0x00000000a7800000, 0x00000000a7800000|100%| E|CS|TAMS 0x00000000a7700000, 0x00000000a7700000| Complete 
| 120|0x00000000a7800000, 0x00000000a7900000, 0x00000000a7900000|100%| E|CS|TAMS 0x00000000a7800000, 0x00000000a7800000| Complete 
| 121|0x00000000a7900000, 0x00000000a7a00000, 0x00000000a7a00000|100%| E|CS|TAMS 0x00000000a7900000, 0x00000000a7900000| Complete 
| 122|0x00000000a7a00000, 0x00000000a7b00000, 0x00000000a7b00000|100%| E|CS|TAMS 0x00000000a7a00000, 0x00000000a7a00000| Complete 
| 123|0x00000000a7b00000, 0x00000000a7c00000, 0x00000000a7c00000|100%| E|CS|TAMS 0x00000000a7b00000, 0x00000000a7b00000| Complete 
| 124|0x00000000a7c00000, 0x00000000a7d00000, 0x00000000a7d00000|100%| E|CS|TAMS 0x00000000a7c00000, 0x00000000a7c00000| Complete 
| 125|0x00000000a7d00000, 0x00000000a7e00000, 0x00000000a7e00000|100%| E|CS|TAMS 0x00000000a7d00000, 0x00000000a7d00000| Complete 
| 126|0x00000000a7e00000, 0x00000000a7f00000, 0x00000000a7f00000|100%| E|CS|TAMS 0x00000000a7e00000, 0x00000000a7e00000| Complete 
| 127|0x00000000a7f00000, 0x00000000a8000000, 0x00000000a8000000|100%| E|CS|TAMS 0x00000000a7f00000, 0x00000000a7f00000| Complete 

Card table byte_map: [0x000002b82a6f0000,0x000002b82a9f0000] _byte_map_base: 0x000002b82a1f0000

Marking Bits (Prev, Next): (CMBitMap*) 0x000002b8118a90c0, (CMBitMap*) 0x000002b8118a9100
 Prev Bits: [0x000002b82acf0000, 0x000002b82c4f0000)
 Next Bits: [0x000002b82c4f0000, 0x000002b82dcf0000)

Polling page: 0x000002b811920000

Metaspace:

Usage:
  Non-class:      9.77 MB used.
      Class:      1.59 MB used.
       Both:     11.36 MB used.

Virtual space:
  Non-class space:       64.00 MB reserved,      10.00 MB ( 16%) committed,  1 nodes.
      Class space:        1.00 GB reserved,       1.75 MB ( <1%) committed,  1 nodes.
             Both:        1.06 GB reserved,      11.75 MB (  1%) committed. 

Chunk freelists:
   Non-Class:  1.61 MB
       Class:  2.15 MB
        Both:  3.76 MB

MaxMetaspaceSize: unlimited
CompressedClassSpaceSize: 1.00 GB
Initial GC threshold: 21.00 MB
Current GC threshold: 21.00 MB
CDS: on
MetaspaceReclaimPolicy: balanced
 - commit_granule_bytes: 65536.
 - commit_granule_words: 8192.
 - virtual_space_node_default_size: 8388608.
 - enlarge_chunks_in_place: 1.
 - new_chunks_are_fully_committed: 0.
 - uncommit_free_chunks: 1.
 - use_allocation_guard: 0.


Internal statistics:

num_allocs_failed_limit: 0.
num_arena_births: 438.
num_arena_deaths: 0.
num_vsnodes_births: 2.
num_vsnodes_deaths: 0.
num_space_committed: 188.
num_space_uncommitted: 0.
num_chunks_returned_to_freelist: 0.
num_chunks_taken_from_freelist: 822.
num_chunk_merges: 0.
num_chunk_splits: 532.
num_chunks_enlarged: 359.
num_inconsistent_stats: 0.

CodeHeap 'non-profiled nmethods': size=120000Kb used=897Kb max_used=897Kb free=119102Kb
 bounds [0x000002b822460000, 0x000002b8226d0000, 0x000002b829990000]
CodeHeap 'profiled nmethods': size=120000Kb used=4214Kb max_used=4214Kb free=115786Kb
 bounds [0x000002b81af30000, 0x000002b81b350000, 0x000002b822460000]
CodeHeap 'non-nmethods': size=5760Kb used=1219Kb max_used=1232Kb free=4540Kb
 bounds [0x000002b81a990000, 0x000002b81ac00000, 0x000002b81af30000]
 total_blobs=2618 nmethods=2101 adapters=429
 compilation: enabled
              stopped_count=0, restarted_count=0
 full_count=0

Compilation events (20 events):
Event: 4.826 Thread 0x000002b83073abd0 2082       3       sun.nio.fs.WindowsPath::elementAsString (62 bytes)
Event: 4.827 Thread 0x000002b83073abd0 nmethod 2082 0x000002b81b339c10 code [0x000002b81b339e20, 0x000002b81b33a2c8]
Event: 4.868 Thread 0x000002b83073abd0 2084       3       jdk.internal.org.objectweb.asm.AnnotationWriter::putAnnotations (110 bytes)
Event: 4.868 Thread 0x000002b83073abd0 nmethod 2084 0x000002b81b33a610 code [0x000002b81b33a800, 0x000002b81b33ac08]
Event: 4.871 Thread 0x000002b83073abd0 2085       3       sun.reflect.generics.visitor.Reifier::make (9 bytes)
Event: 4.872 Thread 0x000002b83073abd0 nmethod 2085 0x000002b81b33ae90 code [0x000002b81b33b040, 0x000002b81b33b298]
Event: 4.872 Thread 0x000002b83073abd0 2086       3       sun.reflect.generics.visitor.Reifier::<init> (10 bytes)
Event: 4.872 Thread 0x000002b83073abd0 nmethod 2086 0x000002b81b33b390 code [0x000002b81b33b520, 0x000002b81b33b6d8]
Event: 4.872 Thread 0x000002b83073abd0 2087       3       sun.reflect.generics.visitor.Reifier::getResult (26 bytes)
Event: 4.872 Thread 0x000002b83073abd0 nmethod 2087 0x000002b81b33b790 code [0x000002b81b33b920, 0x000002b81b33ba38]
Event: 4.877 Thread 0x000002b83073abd0 2088       3       org.gradle.internal.service.DefaultServiceRegistry$OwnServices::add (117 bytes)
Event: 4.878 Thread 0x000002b83073abd0 nmethod 2088 0x000002b81b33bb10 code [0x000002b81b33bde0, 0x000002b81b33cbe8]
Event: 4.879 Thread 0x000002b83073abd0 2090       3       org.gradle.internal.service.DefaultServiceRegistry$OwnServices::collectProvidersForClassHierarchy (82 bytes)
Event: 4.880 Thread 0x000002b83073abd0 nmethod 2090 0x000002b81b33d210 code [0x000002b81b33d4e0, 0x000002b81b33e378]
Event: 4.880 Thread 0x000002b83073abd0 2089       3       org.gradle.internal.service.DefaultServiceRegistry::access$1000 (5 bytes)
Event: 4.880 Thread 0x000002b83073abd0 nmethod 2089 0x000002b81b33e890 code [0x000002b81b33ea20, 0x000002b81b33eb48]
Event: 4.880 Thread 0x000002b83073abd0 2091       3       org.gradle.internal.service.DefaultServiceRegistry$ClassInspector::getHierarchy (9 bytes)
Event: 4.880 Thread 0x000002b83073abd0 nmethod 2091 0x000002b81b33ec10 code [0x000002b81b33edc0, 0x000002b81b33ef08]
Event: 4.884 Thread 0x000002b83073abd0 2092       3       java.lang.Class::forName (41 bytes)
Event: 4.885 Thread 0x000002b83073abd0 nmethod 2092 0x000002b81b33f010 code [0x000002b81b33f1c0, 0x000002b81b33f3c8]

GC Heap History (4 events):
Event: 1.284 GC heap before
{Heap before GC invocations=0 (full 0):
 garbage-first heap   total 131072K, used 28672K [0x00000000a0000000, 0x0000000100000000)
  region size 1024K, 23 young (23552K), 0 survivors (0K)
 Metaspace       used 3063K, committed 3264K, reserved 1114112K
  class space    used 382K, committed 448K, reserved 1048576K
}
Event: 1.293 GC heap after
{Heap after GC invocations=1 (full 0):
 garbage-first heap   total 131072K, used 9387K [0x00000000a0000000, 0x0000000100000000)
  region size 1024K, 3 young (3072K), 3 survivors (3072K)
 Metaspace       used 3063K, committed 3264K, reserved 1114112K
  class space    used 382K, committed 448K, reserved 1048576K
}
Event: 2.322 GC heap before
{Heap before GC invocations=1 (full 0):
 garbage-first heap   total 131072K, used 39083K [0x00000000a0000000, 0x0000000100000000)
  region size 1024K, 32 young (32768K), 3 survivors (3072K)
 Metaspace       used 3964K, committed 4160K, reserved 1114112K
  class space    used 481K, committed 576K, reserved 1048576K
}
Event: 2.330 GC heap after
{Heap after GC invocations=2 (full 0):
 garbage-first heap   total 131072K, used 13247K [0x00000000a0000000, 0x0000000100000000)
  region size 1024K, 4 young (4096K), 4 survivors (4096K)
 Metaspace       used 3964K, committed 4160K, reserved 1114112K
  class space    used 481K, committed 576K, reserved 1048576K
}

Deoptimization events (20 events):
Event: 4.358 Thread 0x000002b835446780 Uncommon trap: trap_request=0xffffffc6 fr.pc=0x000002b8224e81c8 relative=0x0000000000000528
Event: 4.358 Thread 0x000002b835446780 Uncommon trap: reason=bimorphic_or_optimized_type_check action=maybe_recompile pc=0x000002b8224e81c8 method=java.util.HashMap.putVal(ILjava/lang/Object;Ljava/lang/Object;ZZ)Ljava/lang/Object; @ 253 c2
Event: 4.358 Thread 0x000002b835446780 DEOPT PACKING pc=0x000002b8224e81c8 sp=0x000000de9aefe960
Event: 4.358 Thread 0x000002b835446780 DEOPT UNPACKING pc=0x000002b81a9e23a3 sp=0x000000de9aefe898 mode 2
Event: 4.366 Thread 0x000002b835446780 Uncommon trap: trap_request=0xffffffc6 fr.pc=0x000002b8224e81c8 relative=0x0000000000000528
Event: 4.366 Thread 0x000002b835446780 Uncommon trap: reason=bimorphic_or_optimized_type_check action=maybe_recompile pc=0x000002b8224e81c8 method=java.util.HashMap.putVal(ILjava/lang/Object;Ljava/lang/Object;ZZ)Ljava/lang/Object; @ 253 c2
Event: 4.366 Thread 0x000002b835446780 DEOPT PACKING pc=0x000002b8224e81c8 sp=0x000000de9aefea50
Event: 4.366 Thread 0x000002b835446780 DEOPT UNPACKING pc=0x000002b81a9e23a3 sp=0x000000de9aefe988 mode 2
Event: 4.628 Thread 0x000002b835446780 Uncommon trap: trap_request=0xffffff45 fr.pc=0x000002b8224fcdfc relative=0x000000000000075c
Event: 4.628 Thread 0x000002b835446780 Uncommon trap: reason=unstable_if action=reinterpret pc=0x000002b8224fcdfc method=java.util.ArrayList.grow(I)[Ljava/lang/Object; @ 17 c2
Event: 4.628 Thread 0x000002b835446780 DEOPT PACKING pc=0x000002b8224fcdfc sp=0x000000de9aefd270
Event: 4.628 Thread 0x000002b835446780 DEOPT UNPACKING pc=0x000002b81a9e23a3 sp=0x000000de9aefd108 mode 2
Event: 4.755 Thread 0x000002b835446780 Uncommon trap: trap_request=0xffffff45 fr.pc=0x000002b82252aa64 relative=0x0000000000000404
Event: 4.755 Thread 0x000002b835446780 Uncommon trap: reason=unstable_if action=reinterpret pc=0x000002b82252aa64 method=jdk.internal.org.objectweb.asm.Frame.push(I)V @ 26 c2
Event: 4.755 Thread 0x000002b835446780 DEOPT PACKING pc=0x000002b82252aa64 sp=0x000000de9aefc7f0
Event: 4.755 Thread 0x000002b835446780 DEOPT UNPACKING pc=0x000002b81a9e23a3 sp=0x000000de9aefc6f8 mode 2
Event: 4.756 Thread 0x000002b835446780 Uncommon trap: trap_request=0xffffff45 fr.pc=0x000002b822536ee8 relative=0x0000000000000248
Event: 4.756 Thread 0x000002b835446780 Uncommon trap: reason=unstable_if action=reinterpret pc=0x000002b822536ee8 method=jdk.internal.org.objectweb.asm.Frame.push(I)V @ 26 c2
Event: 4.756 Thread 0x000002b835446780 DEOPT PACKING pc=0x000002b822536ee8 sp=0x000000de9aefc060
Event: 4.756 Thread 0x000002b835446780 DEOPT UNPACKING pc=0x000002b81a9e23a3 sp=0x000000de9aefc018 mode 2

Classes loaded (20 events):
Event: 4.792 Loading class java/lang/invoke/BoundMethodHandle$Species_LLLLLLLLLLLLLLL
Event: 4.792 Loading class java/lang/invoke/BoundMethodHandle$Species_LLLLLLLLLLLLLLL done
Event: 4.795 Loading class java/lang/invoke/BoundMethodHandle$Species_LLLLLLLLLLLLLLLL
Event: 4.795 Loading class java/lang/invoke/BoundMethodHandle$Species_LLLLLLLLLLLLLLLL done
Event: 4.797 Loading class java/lang/invoke/BoundMethodHandle$Species_LLLLLLLLLLLLLLLLL
Event: 4.797 Loading class java/lang/invoke/BoundMethodHandle$Species_LLLLLLLLLLLLLLLLL done
Event: 4.800 Loading class java/lang/invoke/BoundMethodHandle$Species_LLLLLLLLLLLLLLLLLL
Event: 4.800 Loading class java/lang/invoke/BoundMethodHandle$Species_LLLLLLLLLLLLLLLLLL done
Event: 4.804 Loading class java/lang/invoke/BoundMethodHandle$Species_LLLLLLLLLLLLLLLLLLL
Event: 4.804 Loading class java/lang/invoke/BoundMethodHandle$Species_LLLLLLLLLLLLLLLLLLL done
Event: 4.807 Loading class java/lang/invoke/BoundMethodHandle$Species_LLLLLLLLLLLLLLLLLLLL
Event: 4.807 Loading class java/lang/invoke/BoundMethodHandle$Species_LLLLLLLLLLLLLLLLLLLL done
Event: 4.829 Loading class java/util/concurrent/TimeoutException
Event: 4.829 Loading class java/util/concurrent/TimeoutException done
Event: 4.829 Loading class java/util/concurrent/CancellationException
Event: 4.829 Loading class java/util/concurrent/CancellationException done
Event: 4.830 Loading class sun/misc/Unsafe
Event: 4.831 Loading class sun/misc/Unsafe done
Event: 4.836 Loading class java/util/ServiceConfigurationError
Event: 4.836 Loading class java/util/ServiceConfigurationError done

Classes unloaded (0 events):
No events

Classes redefined (0 events):
No events

Internal exceptions (20 events):
Event: 3.566 Thread 0x000002b811858920 Exception <a 'java/lang/NoSuchMethodError'{0x00000000a73adf58}: 'java.lang.Object java.lang.invoke.DirectMethodHandle$Holder.invokeStaticInit(java.lang.Object, java.lang.Object, int, int, int, int)'> (0x00000000a73adf58) 
thrown [t:\workspace\open\src\hotspot\share\interpreter\linkResolver.cpp, line 766]
Event: 4.139 Thread 0x000002b811858920 Exception <a 'java/lang/NoSuchMethodError'{0x00000000a718d868}: 'void java.lang.invoke.DirectMethodHandle$Holder.invokeStatic(java.lang.Object, java.lang.Object, java.lang.Object)'> (0x00000000a718d868) 
thrown [t:\workspace\open\src\hotspot\share\interpreter\linkResolver.cpp, line 766]
Event: 4.202 Thread 0x000002b811858920 Exception <a 'java/io/IOException'{0x00000000a7031580}> (0x00000000a7031580) 
thrown [t:\workspace\open\src\hotspot\share\prims\jni.cpp, line 516]
Event: 4.481 Thread 0x000002b835446780 Exception <a 'java/lang/NoSuchMethodError'{0x00000000a6b1ae80}: 'long java.lang.invoke.DirectMethodHandle$Holder.invokeInterface(java.lang.Object, java.lang.Object)'> (0x00000000a6b1ae80) 
thrown [t:\workspace\open\src\hotspot\share\interpreter\linkResolver.cpp, line 766]
Event: 4.485 Thread 0x000002b835446780 Exception <a 'java/lang/NoSuchMethodError'{0x00000000a6b2c0c0}: 'void java.lang.invoke.DelegatingMethodHandle$Holder.reinvoke_L(java.lang.Object, java.lang.Object, java.lang.Object, java.lang.Object, java.lang.Object, java.lang.Object, java.lang.Object)'> (0x00000000a6b2c0c0) 
thrown [t:\workspace\open\src\hotspot\share\interpreter\linkResolver.cpp, line 766]
Event: 4.586 Thread 0x000002b835446780 Exception <a 'java/lang/NoSuchMethodError'{0x00000000a69bd418}: 'void java.lang.invoke.DirectMethodHandle$Holder.invokeVirtual(java.lang.Object, java.lang.Object, java.lang.Object, java.lang.Object, java.lang.Object)'> (0x00000000a69bd418) 
thrown [t:\workspace\open\src\hotspot\share\interpreter\linkResolver.cpp, line 766]
Event: 4.587 Thread 0x000002b835446780 Exception <a 'java/lang/NoSuchMethodError'{0x00000000a69c1530}: 'void java.lang.invoke.DirectMethodHandle$Holder.invokeSpecial(java.lang.Object, java.lang.Object, java.lang.Object, java.lang.Object, java.lang.Object, java.lang.Object)'> (0x00000000a69c1530) 
thrown [t:\workspace\open\src\hotspot\share\interpreter\linkResolver.cpp, line 766]
Event: 4.666 Thread 0x000002b835446780 Exception <a 'java/lang/NoSuchMethodError'{0x00000000a660b708}: 'java.lang.Object java.lang.invoke.DirectMethodHandle$Holder.invokeVirtual(java.lang.Object, java.lang.Object, java.lang.Object, java.lang.Object, java.lang.Object, java.lang.Object, java.lang.Object, java.lang.Object, java.lang.Object)'> (0x00000000a660b708) 
thrown [t:\workspace\open\src\hotspot\share\interpreter\linkResolver.cpp, line 766]
Event: 4.667 Thread 0x000002b835446780 Exception <a 'java/lang/NoSuchMethodError'{0x00000000a660fda8}: 'java.lang.Object java.lang.invoke.DirectMethodHandle$Holder.invokeSpecial(java.lang.Object, java.lang.Object, java.lang.Object, java.lang.Object, java.lang.Object, java.lang.Object, java.lang.Object, java.lang.Object, java.lang.Object, java.lang.Object)'> (0x00000000a660fda8) 
thrown [t:\workspace\open\src\hotspot\share\interpreter\linkResolver.cpp, line 766]
Event: 4.755 Thread 0x000002b835446780 Exception <a 'java/lang/NoSuchMethodError'{0x00000000a6305370}: 'java.lang.Object java.lang.invoke.DirectMethodHandle$Holder.invokeVirtual(java.lang.Object, java.lang.Object, java.lang.Object, java.lang.Object, java.lang.Object, java.lang.Object, java.lang.Object, java.lang.Object, java.lang.Object, java.lang.Object, java.lang.Object)'> (0x00000000a6305370) 
thrown [t:\workspace\open\src\hotspot\share\interpreter\linkResolver.cpp, line 766]
Event: 4.756 Thread 0x000002b835446780 Exception <a 'java/lang/NoSuchMethodError'{0x00000000a630a6a0}: 'java.lang.Object java.lang.invoke.DirectMethodHandle$Holder.invokeSpecial(java.lang.Object, java.lang.Object, java.lang.Object, java.lang.Object, java.lang.Object, java.lang.Object, java.lang.Object, java.lang.Object, java.lang.Object, java.lang.Object, java.lang.Object, java.lang.Object)'> (0x00000000a630a6a0) 
thrown [t:\workspace\open\src\hotspot\share\interpreter\linkResolver.cpp, line 766]
Event: 4.775 Thread 0x000002b835446780 Exception <a 'java/lang/NoSuchMethodError'{0x00000000a638d640}: 'java.lang.Object java.lang.invoke.DirectMethodHandle$Holder.newInvokeSpecial(java.lang.Object, java.lang.Object, java.lang.Object, java.lang.Object, java.lang.Object)'> (0x00000000a638d640) 
thrown [t:\workspace\open\src\hotspot\share\interpreter\linkResolver.cpp, line 766]
Event: 4.779 Thread 0x000002b835446780 Exception <a 'java/lang/NoSuchMethodError'{0x00000000a63ab860}: 'java.lang.Object java.lang.invoke.DelegatingMethodHandle$Holder.reinvoke_L(java.lang.Object, java.lang.Object, java.lang.Object, java.lang.Object, java.lang.Object, java.lang.Object, java.lang.Object, java.lang.Object, java.lang.Object, java.lang.Object, java.lang.Object, java.lang.Object, java.lang.Object, java.lang.Object, java.lang.Object, java.lang.Object, java.lang.Object, java.lang.Object, java.lang.Object, java.lang.Object, java.lang.O
Event: 4.790 Thread 0x000002b835446780 Exception <a 'java/lang/NoSuchMethodError'{0x00000000a62207e0}: 'java.lang.Object java.lang.invoke.DirectMethodHandle$Holder.invokeStatic(java.lang.Object, java.lang.Object, java.lang.Object, java.lang.Object, java.lang.Object, java.lang.Object, java.lang.Object, java.lang.Object, java.lang.Object, java.lang.Object, java.lang.Object, java.lang.Object, java.lang.Object, java.lang.Object, java.lang.Object, java.lang.Object, java.lang.Object)'> (0x00000000a62207e0) 
thrown [t:\workspace\open\src\hotspot\share
Event: 4.794 Thread 0x000002b835446780 Exception <a 'java/lang/NoSuchMethodError'{0x00000000a6247c98}: 'java.lang.Object java.lang.invoke.DirectMethodHandle$Holder.invokeStatic(java.lang.Object, java.lang.Object, java.lang.Object, java.lang.Object, java.lang.Object, java.lang.Object, java.lang.Object, java.lang.Object, java.lang.Object, java.lang.Object, java.lang.Object, java.lang.Object, java.lang.Object, java.lang.Object, java.lang.Object, java.lang.Object, java.lang.Object, java.lang.Object)'> (0x00000000a6247c98) 
thrown [t:\workspace\open
Event: 4.796 Thread 0x000002b835446780 Exception <a 'java/lang/NoSuchMethodError'{0x00000000a6270250}: 'java.lang.Object java.lang.invoke.DirectMethodHandle$Holder.invokeStatic(java.lang.Object, java.lang.Object, java.lang.Object, java.lang.Object, java.lang.Object, java.lang.Object, java.lang.Object, java.lang.Object, java.lang.Object, java.lang.Object, java.lang.Object, java.lang.Object, java.lang.Object, java.lang.Object, java.lang.Object, java.lang.Object, java.lang.Object, java.lang.Object, java.lang.Object)'> (0x00000000a6270250) 
thrown 
Event: 4.799 Thread 0x000002b835446780 Exception <a 'java/lang/NoSuchMethodError'{0x00000000a6299b08}: 'java.lang.Object java.lang.invoke.DirectMethodHandle$Holder.invokeStatic(java.lang.Object, java.lang.Object, java.lang.Object, java.lang.Object, java.lang.Object, java.lang.Object, java.lang.Object, java.lang.Object, java.lang.Object, java.lang.Object, java.lang.Object, java.lang.Object, java.lang.Object, java.lang.Object, java.lang.Object, java.lang.Object, java.lang.Object, java.lang.Object, java.lang.Object, java.lang.Object)'> (0x00000000
Event: 4.802 Thread 0x000002b835446780 Exception <a 'java/lang/NoSuchMethodError'{0x00000000a62c3d28}: 'java.lang.Object java.lang.invoke.DirectMethodHandle$Holder.invokeStatic(java.lang.Object, java.lang.Object, java.lang.Object, java.lang.Object, java.lang.Object, java.lang.Object, java.lang.Object, java.lang.Object, java.lang.Object, java.lang.Object, java.lang.Object, java.lang.Object, java.lang.Object, java.lang.Object, java.lang.Object, java.lang.Object, java.lang.Object, java.lang.Object, java.lang.Object, java.lang.Object, java.lang.Obj
Event: 4.805 Thread 0x000002b835446780 Exception <a 'java/lang/NoSuchMethodError'{0x00000000a62ee8e8}: 'java.lang.Object java.lang.invoke.DirectMethodHandle$Holder.invokeStatic(java.lang.Object, java.lang.Object, java.lang.Object, java.lang.Object, java.lang.Object, java.lang.Object, java.lang.Object, java.lang.Object, java.lang.Object, java.lang.Object, java.lang.Object, java.lang.Object, java.lang.Object, java.lang.Object, java.lang.Object, java.lang.Object, java.lang.Object, java.lang.Object, java.lang.Object, java.lang.Object, java.lang.Obj
Event: 4.809 Thread 0x000002b835446780 Exception <a 'java/lang/NoSuchMethodError'{0x00000000a611b3f0}: 'java.lang.Object java.lang.invoke.DirectMethodHandle$Holder.invokeStatic(java.lang.Object, java.lang.Object, java.lang.Object, java.lang.Object, java.lang.Object, java.lang.Object, java.lang.Object, java.lang.Object, java.lang.Object, java.lang.Object, java.lang.Object, java.lang.Object, java.lang.Object, java.lang.Object, java.lang.Object, java.lang.Object, java.lang.Object, java.lang.Object, java.lang.Object, java.lang.Object, java.lang.Obj

VM Operations (20 events):
Event: 2.814 Executing VM operation: HandshakeAllThreads
Event: 2.814 Executing VM operation: HandshakeAllThreads done
Event: 3.165 Executing VM operation: HandshakeAllThreads
Event: 3.166 Executing VM operation: HandshakeAllThreads done
Event: 3.224 Executing VM operation: HandshakeAllThreads
Event: 3.224 Executing VM operation: HandshakeAllThreads done
Event: 3.347 Executing VM operation: HandshakeAllThreads
Event: 3.347 Executing VM operation: HandshakeAllThreads done
Event: 3.347 Executing VM operation: Cleanup
Event: 3.347 Executing VM operation: Cleanup done
Event: 3.550 Executing VM operation: HandshakeAllThreads
Event: 3.550 Executing VM operation: HandshakeAllThreads done
Event: 4.136 Executing VM operation: HandshakeAllThreads
Event: 4.136 Executing VM operation: HandshakeAllThreads done
Event: 4.818 Executing VM operation: HandshakeAllThreads
Event: 4.818 Executing VM operation: HandshakeAllThreads done
Event: 4.818 Executing VM operation: Cleanup
Event: 4.818 Executing VM operation: Cleanup done
Event: 4.818 Executing VM operation: HandshakeAllThreads
Event: 4.818 Executing VM operation: HandshakeAllThreads done

Events (20 events):
Event: 0.096 Thread 0x000002b8349a40e0 Thread added: 0x000002b8349a40e0
Event: 0.105 Loaded shared library E:\programs\java jdk\bin\net.dll
Event: 0.108 Loaded shared library E:\programs\java jdk\bin\nio.dll
Event: 0.115 Loaded shared library E:\programs\java jdk\bin\zip.dll
Event: 0.415 Loaded shared library E:\programs\java jdk\bin\jimage.dll
Event: 0.488 Loaded shared library E:\programs\java jdk\bin\verify.dll
Event: 0.714 Loaded shared library C:\Users\Saidikrom\.gradle\native\e1d6ef7f7dcc3fd88c89a11ec53ec762bb8ba0a96d01ffa2cd45eb1d1d8dd5c5\windows-amd64\native-platform.dll
Event: 0.734 Loaded shared library C:\Users\Saidikrom\.gradle\native\0d407fdbe67a94daf76414ababcb853783967236a71b16ec16e742cd7a986fd3\windows-amd64\native-platform-file-events.dll
Event: 2.759 Loaded shared library E:\programs\java jdk\bin\management.dll
Event: 2.766 Loaded shared library E:\programs\java jdk\bin\management_ext.dll
Event: 2.878 Thread 0x000002b83538fa20 Thread added: 0x000002b83538fa20
Event: 4.104 Thread 0x000002b835c73a70 Thread added: 0x000002b835c73a70
Event: 4.214 Thread 0x000002b835be9e80 Thread added: 0x000002b835be9e80
Event: 4.265 Thread 0x000002b835bea8e0 Thread added: 0x000002b835bea8e0
Event: 4.268 Thread 0x000002b835a9c090 Thread added: 0x000002b835a9c090
Event: 4.302 Thread 0x000002b835ed2d50 Thread added: 0x000002b835ed2d50
Event: 4.316 Thread 0x000002b835446780 Thread added: 0x000002b835446780
Event: 4.377 Thread 0x000002b835444aa0 Thread added: 0x000002b835444aa0
Event: 4.385 Thread 0x000002b835444f70 Thread added: 0x000002b835444f70
Event: 4.402 Thread 0x000002b835445440 Thread added: 0x000002b835445440


Dynamic libraries:
0x00007ff762bb0000 - 0x00007ff762bc0000 	E:\programs\java jdk\bin\java.exe
0x00007ff93d2b0000 - 0x00007ff93d4a8000 	C:\Windows\SYSTEM32\ntdll.dll
0x00007ff93b300000 - 0x00007ff93b3bf000 	C:\Windows\System32\KERNEL32.DLL
0x00007ff93ae40000 - 0x00007ff93b112000 	C:\Windows\System32\KERNELBASE.dll
0x00007ff93a9a0000 - 0x00007ff93aaa0000 	C:\Windows\System32\ucrtbase.dll
0x00007ff930e90000 - 0x00007ff930ea8000 	E:\programs\java jdk\bin\jli.dll
0x00007ff930eb0000 - 0x00007ff930eca000 	E:\programs\java jdk\bin\VCRUNTIME140.dll
0x00007ff93cf30000 - 0x00007ff93cfde000 	C:\Windows\System32\ADVAPI32.dll
0x00007ff93d040000 - 0x00007ff93d0de000 	C:\Windows\System32\msvcrt.dll
0x00007ff93b7e0000 - 0x00007ff93b87c000 	C:\Windows\System32\sechost.dll
0x00007ff93ba00000 - 0x00007ff93bb25000 	C:\Windows\System32\RPCRT4.dll
0x00007ff93b630000 - 0x00007ff93b7d1000 	C:\Windows\System32\USER32.dll
0x00007ff93b1b0000 - 0x00007ff93b1d2000 	C:\Windows\System32\win32u.dll
0x00007ff93bbb0000 - 0x00007ff93bbdb000 	C:\Windows\System32\GDI32.dll
0x00007ff9233b0000 - 0x00007ff92364a000 	C:\Windows\WinSxS\amd64_microsoft.windows.common-controls_6595b64144ccf1df_6.0.19041.1110_none_60b5254171f9507e\COMCTL32.dll
0x00007ff93b1e0000 - 0x00007ff93b2ef000 	C:\Windows\System32\gdi32full.dll
0x00007ff93acc0000 - 0x00007ff93ad5d000 	C:\Windows\System32\msvcp_win.dll
0x00007ff92d580000 - 0x00007ff92d58a000 	C:\Windows\SYSTEM32\VERSION.dll
0x00007ff93b3c0000 - 0x00007ff93b3f2000 	C:\Windows\System32\IMM32.DLL
0x00007ff933040000 - 0x00007ff93304c000 	E:\programs\java jdk\bin\vcruntime140_1.dll
0x00007ff930e00000 - 0x00007ff930e8d000 	E:\programs\java jdk\bin\msvcp140.dll
0x00007ff89a430000 - 0x00007ff89b041000 	E:\programs\java jdk\bin\server\jvm.dll
0x00007ff93b400000 - 0x00007ff93b408000 	C:\Windows\System32\PSAPI.DLL
0x00007ff914370000 - 0x00007ff914379000 	C:\Windows\SYSTEM32\WSOCK32.dll
0x00007ff911f70000 - 0x00007ff911f97000 	C:\Windows\SYSTEM32\WINMM.dll
0x00007ff93c6c0000 - 0x00007ff93c72b000 	C:\Windows\System32\WS2_32.dll
0x00007ff9391f0000 - 0x00007ff939202000 	C:\Windows\SYSTEM32\kernel.appcore.dll
0x00007ff9315e0000 - 0x00007ff9315ea000 	E:\programs\java jdk\bin\jimage.dll
0x00007ff9350b0000 - 0x00007ff935294000 	C:\Windows\SYSTEM32\DBGHELP.DLL
0x00007ff922020000 - 0x00007ff922055000 	C:\Windows\SYSTEM32\dbgcore.DLL
0x00007ff93b120000 - 0x00007ff93b1a2000 	C:\Windows\System32\bcryptPrimitives.dll
0x00007ff930dd0000 - 0x00007ff930df5000 	E:\programs\java jdk\bin\java.dll
0x00007ff8f0fe0000 - 0x00007ff8f10b6000 	E:\programs\java jdk\bin\jsvml.dll
0x00007ff93bf70000 - 0x00007ff93c6b4000 	C:\Windows\System32\SHELL32.dll
0x00007ff938a10000 - 0x00007ff9391a2000 	C:\Windows\SYSTEM32\windows.storage.dll
0x00007ff93bc10000 - 0x00007ff93bf65000 	C:\Windows\System32\combase.dll
0x00007ff93a400000 - 0x00007ff93a430000 	C:\Windows\SYSTEM32\Wldp.dll
0x00007ff93b950000 - 0x00007ff93b9fd000 	C:\Windows\System32\SHCORE.dll
0x00007ff93c730000 - 0x00007ff93c785000 	C:\Windows\System32\shlwapi.dll
0x00007ff93a8e0000 - 0x00007ff93a8ff000 	C:\Windows\SYSTEM32\profapi.dll
0x00007ff930db0000 - 0x00007ff930dc3000 	E:\programs\java jdk\bin\net.dll
0x00007ff932100000 - 0x00007ff93220c000 	C:\Windows\SYSTEM32\WINHTTP.dll
0x00007ff93a160000 - 0x00007ff93a1ca000 	C:\Windows\system32\mswsock.dll
0x00007ff930d50000 - 0x00007ff930d66000 	E:\programs\java jdk\bin\nio.dll
0x00007ff930cc0000 - 0x00007ff930cd8000 	E:\programs\java jdk\bin\zip.dll
0x00007ff933070000 - 0x00007ff933080000 	E:\programs\java jdk\bin\verify.dll
0x00007ff8f5d90000 - 0x00007ff8f5db7000 	C:\Users\Saidikrom\.gradle\native\e1d6ef7f7dcc3fd88c89a11ec53ec762bb8ba0a96d01ffa2cd45eb1d1d8dd5c5\windows-amd64\native-platform.dll
0x00007ff8cec00000 - 0x00007ff8ced44000 	C:\Users\Saidikrom\.gradle\native\0d407fdbe67a94daf76414ababcb853783967236a71b16ec16e742cd7a986fd3\windows-amd64\native-platform-file-events.dll
0x00007ff930f10000 - 0x00007ff930f19000 	E:\programs\java jdk\bin\management.dll
0x00007ff930d00000 - 0x00007ff930d0b000 	E:\programs\java jdk\bin\management_ext.dll
0x00007ff93a350000 - 0x00007ff93a368000 	C:\Windows\SYSTEM32\CRYPTSP.dll
0x00007ff939a10000 - 0x00007ff939a44000 	C:\Windows\system32\rsaenh.dll
0x00007ff93ad60000 - 0x00007ff93ad87000 	C:\Windows\System32\bcrypt.dll
0x00007ff93a860000 - 0x00007ff93a88e000 	C:\Windows\SYSTEM32\USERENV.dll
0x00007ff93a370000 - 0x00007ff93a37c000 	C:\Windows\SYSTEM32\CRYPTBASE.dll
0x00007ff939e00000 - 0x00007ff939e3b000 	C:\Windows\SYSTEM32\IPHLPAPI.DLL
0x00007ff93bbe0000 - 0x00007ff93bbe8000 	C:\Windows\System32\NSI.dll
0x00007ff92e000000 - 0x00007ff92e017000 	C:\Windows\SYSTEM32\dhcpcsvc6.DLL
0x00007ff92fa20000 - 0x00007ff92fa3d000 	C:\Windows\SYSTEM32\dhcpcsvc.DLL
0x00007ff939e50000 - 0x00007ff939f1a000 	C:\Windows\SYSTEM32\DNSAPI.dll

dbghelp: loaded successfully - version: 4.0.5 - missing functions: none
symbol engine: initialized successfully - sym options: 0x614 - pdb path: .;E:\programs\java jdk\bin;C:\Windows\SYSTEM32;C:\Windows\WinSxS\amd64_microsoft.windows.common-controls_6595b64144ccf1df_6.0.19041.1110_none_60b5254171f9507e;E:\programs\java jdk\bin\server;C:\Users\Saidikrom\.gradle\native\e1d6ef7f7dcc3fd88c89a11ec53ec762bb8ba0a96d01ffa2cd45eb1d1d8dd5c5\windows-amd64;C:\Users\Saidikrom\.gradle\native\0d407fdbe67a94daf76414ababcb853783967236a71b16ec16e742cd7a986fd3\windows-amd64

VM Arguments:
jvm_args: --add-opens=java.base/java.util=ALL-UNNAMED --add-opens=java.base/java.lang=ALL-UNNAMED --add-opens=java.base/java.lang.invoke=ALL-UNNAMED --add-opens=java.base/java.util=ALL-UNNAMED --add-opens=java.prefs/java.util.prefs=ALL-UNNAMED --add-opens=java.prefs/java.util.prefs=ALL-UNNAMED --add-opens=java.base/java.nio.charset=ALL-UNNAMED --add-opens=java.base/java.net=ALL-UNNAMED --add-opens=java.base/java.util.concurrent.atomic=ALL-UNNAMED -Xmx1536M -Dfile.encoding=UTF-8 -Duser.country=US -Duser.language=en -Duser.variant 
java_command: org.gradle.launcher.daemon.bootstrap.GradleDaemon 7.4
java_class_path (initial): C:\Users\Saidikrom\.gradle\wrapper\dists\gradle-7.4-all\aadb4xli5jkdsnukm30eibyiu\gradle-7.4\lib\gradle-launcher-7.4.jar
Launcher Type: SUN_STANDARD

[Global flags]
     intx CICompilerCount                          = 4                                         {product} {ergonomic}
     uint ConcGCThreads                            = 2                                         {product} {ergonomic}
     uint G1ConcRefinementThreads                  = 8                                         {product} {ergonomic}
   size_t G1HeapRegionSize                         = 1048576                                   {product} {ergonomic}
    uintx GCDrainStackTargetSize                   = 64                                        {product} {ergonomic}
   size_t InitialHeapSize                          = 134217728                                 {product} {ergonomic}
   size_t MarkStackSize                            = 4194304                                   {product} {ergonomic}
   size_t MaxHeapSize                              = 1610612736                                {product} {command line}
   size_t MaxNewSize                               = 965738496                                 {product} {ergonomic}
   size_t MinHeapDeltaBytes                        = 1048576                                   {product} {ergonomic}
   size_t MinHeapSize                              = 8388608                                   {product} {ergonomic}
    uintx NonNMethodCodeHeapSize                   = 5839372                                {pd product} {ergonomic}
    uintx NonProfiledCodeHeapSize                  = 122909434                              {pd product} {ergonomic}
    uintx ProfiledCodeHeapSize                     = 122909434                              {pd product} {ergonomic}
    uintx ReservedCodeCacheSize                    = 251658240                              {pd product} {ergonomic}
     bool SegmentedCodeCache                       = true                                      {product} {ergonomic}
   size_t SoftMaxHeapSize                          = 1610612736                             {manageable} {ergonomic}
     bool UseCompressedClassPointers               = true                           {product lp64_product} {ergonomic}
     bool UseCompressedOops                        = true                           {product lp64_product} {ergonomic}
     bool UseG1GC                                  = true                                      {product} {ergonomic}
     bool UseLargePagesIndividualAllocation        = false                                  {pd product} {ergonomic}

Logging:
Log output configuration:
 #0: stdout all=warning uptime,level,tags foldmultilines=false
 #1: stderr all=off uptime,level,tags foldmultilines=false

Environment Variables:
CLASSPATH=E:\flutter project\quizai\android\\gradle\wrapper\gradle-wrapper.jar
PATH=E:\programs\nodejs\;E:\flutter\bin;C:\Program Files (x86)\Common Files\Intel\Shared Libraries\redist\intel64_win\compiler;C:\Program Files\Common Files\Oracle\Java\javapath;E:\programs\java jdk\bin;C:\Program Files (x86)\Common Files\Intel\Shared Libraries\redist\intel64\compiler;C:\Windows\system32;C:\Windows;C:\Windows\System32\Wbem;C:\Windows\System32\WindowsPowerShell\v1.0\;C:\Windows\System32\OpenSSH\;C:\Program Files\Git\cmd;C:\Program Files (x86)\NVIDIA Corporation\PhysX\Common;C:\Program Files\NVIDIA Corporation\NVIDIA NvDLISR;C:\Program Files\Common Files\Autodesk Shared\;D:\programs\sdk\platforms;D:\programs\sdk\platform-tools;C:\Program Files\Microsoft SQL Server\150\Tools\Binn\;C:\Users\Saidikrom\AppData\Local\Pub\Cache\bin;E:\mysq\bin;C:\Program Files\dotnet\;C:\Program Files\Filestar;C:\ProgramData\Filestar\aliases;C:\Program Files\MySQL\MySQL Shell 8.0\bin\;E:\flutter\bin;C:\Users\Saidikrom\AppData\Local\Microsoft\WindowsApps;D:\programs\sdk\platform-tools;D:\programs\sdk\platforms;C:\Users\Saidikrom\AppData\Local\Programs\Microsoft VS Code\bin;E:\programs\gradle-7.4.2-bin\gradle-7.4.2\bin;E:\mysq\bin;C:\Users\Saidikrom\AppData\Roaming\npm;E:\programs\nodejs;
USERNAME=Saidikrom
OS=Windows_NT
PROCESSOR_IDENTIFIER=Intel64 Family 6 Model 142 Stepping 10, GenuineIntel



---------------  S Y S T E M  ---------------

OS:
 Windows 10 , 64 bit Build 19041 (10.0.19041.2364)
OS uptime: 0 days 14:40 hours

CPU: total 8 (initial active 8) (4 cores per cpu, 2 threads per core) family 6 model 142 stepping 10 microcode 0xb4, cx8, cmov, fxsr, ht, mmx, 3dnowpref, sse, sse2, sse3, ssse3, sse4.1, sse4.2, popcnt, lzcnt, tsc, tscinvbit, avx, avx2, aes, erms, clmul, bmi1, bmi2, adx, fma, vzeroupper, clflush, clflushopt

Memory: 4k page, system-wide physical 8073M (82M free)
TotalPageFile size 21723M (AvailPageFile size 2M)
current process WorkingSet (physical memory assigned to process): 127M, peak: 127M
current process commit charge ("private bytes"): 254M, peak: 255M

vm_info: Java HotSpot(TM) 64-Bit Server VM (18+36-2087) for windows-amd64 JRE (18+36-2087), built on Feb 15 2022 09:43:11 by "mach5one" with MS VC++ 16.8 / 16.9 (VS2019)

END.
